<?xml version="1.0" encoding="UTF-8"?>
<testng-results ignored="0" total="1" passed="1" failed="0" skipped="0">
  <reporter-output>
  </reporter-output>
  <suite started-at="2021-02-14T17:24:00Z" name="Suite1" finished-at="2021-02-14T17:24:09Z" duration-ms="8592">
    <groups>
    </groups>
    <test started-at="2021-02-14T17:24:00Z" name="Regression1" finished-at="2021-02-14T17:24:09Z" duration-ms="8592">
      <class name="testcases.Google">
        <test-method signature="googleSearch()[pri:0, instance:testcases.Google@385e9564]" started-at="2021-02-14T17:24:00Z" name="googleSearch" finished-at="2021-02-14T17:24:09Z" duration-ms="8550" status="PASS">
          <reporter-output>
          </reporter-output>
        </test-method> <!-- googleSearch -->
      </class> <!-- testcases.Google -->
    </test> <!-- Regression1 -->
  </suite> <!-- Suite1 -->
</testng-results>
